mode: atomic
github.com/gcoka/monkey/lexer/lexer.go:14.31,18.2 3 6
github.com/gcoka/monkey/lexer/lexer.go:21.41,26.14 3 86
github.com/gcoka/monkey/lexer/lexer.go:86.2,87.12 2 52
github.com/gcoka/monkey/lexer/lexer.go:27.11,28.26 1 7
github.com/gcoka/monkey/lexer/lexer.go:36.11,37.26 1 2
github.com/gcoka/monkey/lexer/lexer.go:45.11,46.35 1 2
github.com/gcoka/monkey/lexer/lexer.go:47.11,48.36 1 1
github.com/gcoka/monkey/lexer/lexer.go:49.11,50.39 1 1
github.com/gcoka/monkey/lexer/lexer.go:51.11,52.36 1 1
github.com/gcoka/monkey/lexer/lexer.go:53.11,54.33 1 2
github.com/gcoka/monkey/lexer/lexer.go:55.11,56.33 1 1
github.com/gcoka/monkey/lexer/lexer.go:57.11,58.40 1 9
github.com/gcoka/monkey/lexer/lexer.go:59.11,60.37 1 4
github.com/gcoka/monkey/lexer/lexer.go:61.11,62.37 1 4
github.com/gcoka/monkey/lexer/lexer.go:63.11,64.36 1 3
github.com/gcoka/monkey/lexer/lexer.go:66.11,67.37 1 4
github.com/gcoka/monkey/lexer/lexer.go:68.11,69.37 1 4
github.com/gcoka/monkey/lexer/lexer.go:70.9,72.23 2 6
github.com/gcoka/monkey/lexer/lexer.go:73.10,74.21 1 35
github.com/gcoka/monkey/lexer/lexer.go:83.3,83.38 1 1
github.com/gcoka/monkey/lexer/lexer.go:28.26,33.4 4 1
github.com/gcoka/monkey/lexer/lexer.go:33.9,35.4 1 6
github.com/gcoka/monkey/lexer/lexer.go:37.26,42.4 4 1
github.com/gcoka/monkey/lexer/lexer.go:42.9,44.4 1 1
github.com/gcoka/monkey/lexer/lexer.go:74.21,78.4 3 22
github.com/gcoka/monkey/lexer/lexer.go:78.9,78.27 1 13
github.com/gcoka/monkey/lexer/lexer.go:78.27,82.4 3 12
github.com/gcoka/monkey/lexer/lexer.go:90.28,91.36 1 217
github.com/gcoka/monkey/lexer/lexer.go:96.2,97.18 2 217
github.com/gcoka/monkey/lexer/lexer.go:91.36,93.3 1 12
github.com/gcoka/monkey/lexer/lexer.go:93.8,95.3 1 205
github.com/gcoka/monkey/lexer/lexer.go:100.33,101.36 1 9
github.com/gcoka/monkey/lexer/lexer.go:104.2,104.32 1 8
github.com/gcoka/monkey/lexer/lexer.go:101.36,103.3 1 1
github.com/gcoka/monkey/lexer/lexer.go:107.41,109.21 2 22
github.com/gcoka/monkey/lexer/lexer.go:112.2,112.37 1 22
github.com/gcoka/monkey/lexer/lexer.go:109.21,111.3 1 71
github.com/gcoka/monkey/lexer/lexer.go:115.37,117.20 2 12
github.com/gcoka/monkey/lexer/lexer.go:120.2,120.37 1 12
github.com/gcoka/monkey/lexer/lexer.go:117.20,119.3 1 18
github.com/gcoka/monkey/lexer/lexer.go:123.34,124.66 1 86
github.com/gcoka/monkey/lexer/lexer.go:124.66,126.3 1 68
github.com/gcoka/monkey/lexer/lexer.go:129.58,131.2 1 44
github.com/gcoka/monkey/lexer/lexer.go:133.29,135.2 1 128
github.com/gcoka/monkey/lexer/lexer.go:137.28,139.2 1 43
